d:\brandon\workspaces\career\teaching\csc473-animation\spring2024\labs\lab_3\anim\debug\vc143.pdb
d:\brandon\workspaces\career\teaching\csc473-animation\spring2024\labs\lab_3\anim\debug\vc143.idb
d:\brandon\workspaces\career\teaching\csc473-animation\spring2024\labs\lab_3\anim\debug\anim.obj
d:\brandon\workspaces\career\teaching\csc473-animation\spring2024\labs\lab_3\anim\debug\animtcl.obj
d:\brandon\workspaces\career\teaching\csc473-animation\spring2024\labs\lab_3\anim\debug\baseobject.obj
d:\brandon\workspaces\career\teaching\csc473-animation\spring2024\labs\lab_3\anim\debug\basesimulator.obj
d:\brandon\workspaces\career\teaching\csc473-animation\spring2024\labs\lab_3\anim\debug\globalresourcemanager.obj
d:\brandon\workspaces\career\teaching\csc473-animation\spring2024\labs\lab_3\anim\debug\myscene.obj
d:\brandon\workspaces\career\teaching\csc473-animation\spring2024\labs\lab_3\anim\debug\resourcemanager.obj
d:\brandon\workspaces\career\teaching\csc473-animation\spring2024\labs\lab_3\anim\debug\basesystem.obj
d:\brandon\workspaces\career\teaching\csc473-animation\spring2024\labs\lab_3\anim\debug\bezier.obj
d:\brandon\workspaces\career\teaching\csc473-animation\spring2024\labs\lab_3\build\anim.exe
d:\brandon\workspaces\career\teaching\csc473-animation\spring2024\labs\lab_3\anim\debug\anim.ilk
d:\brandon\workspaces\career\teaching\csc473-animation\spring2024\labs\lab_3\build\animp.pdb
d:\brandon\workspaces\career\teaching\csc473-animation\spring2024\labs\lab_3\anim\debug\anim.tlog\cl.command.1.tlog
d:\brandon\workspaces\career\teaching\csc473-animation\spring2024\labs\lab_3\anim\debug\anim.tlog\cl.read.1.tlog
d:\brandon\workspaces\career\teaching\csc473-animation\spring2024\labs\lab_3\anim\debug\anim.tlog\cl.write.1.tlog
d:\brandon\workspaces\career\teaching\csc473-animation\spring2024\labs\lab_3\anim\debug\anim.tlog\link.command.1.tlog
d:\brandon\workspaces\career\teaching\csc473-animation\spring2024\labs\lab_3\anim\debug\anim.tlog\link.read.1.tlog
d:\brandon\workspaces\career\teaching\csc473-animation\spring2024\labs\lab_3\anim\debug\anim.tlog\link.write.1.tlog
