d:\brandon\workspaces\career\teaching\csc473-animation\spring2024\labs\lab_4\lib\util.pdb
d:\brandon\workspaces\career\teaching\csc473-animation\spring2024\labs\lab_4\lib\util.idb
d:\brandon\workspaces\career\teaching\csc473-animation\spring2024\labs\lab_4\util\debug\ball.obj
d:\brandon\workspaces\career\teaching\csc473-animation\spring2024\labs\lab_4\util\debug\ballaux.obj
d:\brandon\workspaces\career\teaching\csc473-animation\spring2024\labs\lab_4\util\debug\ballmath.obj
d:\brandon\workspaces\career\teaching\csc473-animation\spring2024\labs\lab_4\util\debug\coordsystem.obj
d:\brandon\workspaces\career\teaching\csc473-animation\spring2024\labs\lab_4\util\debug\framesaver.obj
d:\brandon\workspaces\career\teaching\csc473-animation\spring2024\labs\lab_4\util\debug\glutilities.obj
d:\brandon\workspaces\career\teaching\csc473-animation\spring2024\labs\lab_4\util\debug\image.obj
d:\brandon\workspaces\career\teaching\csc473-animation\spring2024\labs\lab_4\util\debug\mymath.obj
d:\brandon\workspaces\career\teaching\csc473-animation\spring2024\labs\lab_4\util\debug\noise.obj
d:\brandon\workspaces\career\teaching\csc473-animation\spring2024\labs\lab_4\util\debug\picker.obj
d:\brandon\workspaces\career\teaching\csc473-animation\spring2024\labs\lab_4\util\debug\quaternion.obj
d:\brandon\workspaces\career\teaching\csc473-animation\spring2024\labs\lab_4\util\debug\timer.obj
d:\brandon\workspaces\career\teaching\csc473-animation\spring2024\labs\lab_4\util\debug\vector.obj
d:\brandon\workspaces\career\teaching\csc473-animation\spring2024\labs\lab_4\util\debug\vectorobj.obj
d:\brandon\workspaces\career\teaching\csc473-animation\spring2024\labs\lab_4\lib\util.lib
d:\brandon\workspaces\career\teaching\csc473-animation\spring2024\labs\lab_4\util\debug\util.tlog\cl.command.1.tlog
d:\brandon\workspaces\career\teaching\csc473-animation\spring2024\labs\lab_4\util\debug\util.tlog\cl.read.1.tlog
d:\brandon\workspaces\career\teaching\csc473-animation\spring2024\labs\lab_4\util\debug\util.tlog\cl.write.1.tlog
d:\brandon\workspaces\career\teaching\csc473-animation\spring2024\labs\lab_4\util\debug\util.tlog\lib-link.read.1.tlog
d:\brandon\workspaces\career\teaching\csc473-animation\spring2024\labs\lab_4\util\debug\util.tlog\lib-link.write.1.tlog
d:\brandon\workspaces\career\teaching\csc473-animation\spring2024\labs\lab_4\util\debug\util.tlog\lib.command.1.tlog
